[17:04:28] [main/INFO]: Environment: authHost='https://authserver.mojang.com', accountsHost='https://api.mojang.com', sessionHost='https://sessionserver.mojang.com', name='PROD'
[17:04:30] [main/INFO]: Reloading ResourceManager: Default, bukkit
[17:04:32] [Worker-Main-5/INFO]: Loaded 7 recipes
[17:04:34] [Server thread/INFO]: Starting minecraft server version 1.16.1
[17:04:34] [Server thread/INFO]: Loading properties
[17:04:35] [Server thread/INFO]: This server is running CraftBukkit version git-Spigot-9639cf7-8fb6585 (MC: 1.16.1) (Implementing API version 1.16.1-R0.1-SNAPSHOT)
[17:04:35] [Server thread/INFO]: Debug logging is disabled
[17:04:35] [Server thread/INFO]: Server Ping Player Sample Count: 12
[17:04:35] [Server thread/INFO]: Using 4 threads for Netty based IO
[17:04:35] [Server thread/INFO]: Default game type: SURVIVAL
[17:04:35] [Server thread/INFO]: Generating keypair
[17:04:35] [Server thread/INFO]: Starting Minecraft server on *:25565
[17:04:36] [Server thread/INFO]: Using default channel type
[17:04:41] [Server thread/WARN]: Initializing Legacy Material Support. Unless you have legacy plugins and/or data this is a bug!
[17:04:49] [Server thread/WARN]: Legacy plugin dynmap v3.1-beta-2-389 does not specify an api-version.
[17:04:49] [Server thread/WARN]: Legacy plugin LoginSecurity v3.0.2 does not specify an api-version.
[17:04:50] [Server thread/INFO]: [dynmap] Loading dynmap v3.1-beta-2-389
[17:04:50] [Server thread/INFO]: [dynmap] version=git-Spigot-9639cf7-8fb6585 (MC: 1.16.1)
[17:04:50] [Server thread/INFO]: [dynmap] Mod Support API available
[17:04:50] [Server thread/INFO]: [AntiXRay] Loading AntiXRay v1.9.0
[17:04:50] [Server thread/INFO]: [WitherAC] Loading WitherAC v0.21.2
[17:04:50] [Server thread/INFO]: [Essentials] Loading Essentials v2.18.0.8
[17:04:50] [Server thread/INFO]: [EssentialsProtect] Loading EssentialsProtect v2.18.0.8
[17:04:50] [Server thread/INFO]: [EssentialsSpawn] Loading EssentialsSpawn v2.18.0.8
[17:04:50] [Server thread/INFO]: [GriefPrevention] Loading GriefPrevention v16.14.0
[17:04:50] [Server thread/INFO]: [LoginSecurity] Loading LoginSecurity v3.0.2
[17:04:50] [Server thread/INFO]: [EssentialsChat] Loading EssentialsChat v2.18.0.8
[17:04:50] [Server thread/INFO]: [EssentialsAntiBuild] Loading EssentialsAntiBuild v2.18.0.8
[17:04:50] [Server thread/WARN]: **** SERVER IS RUNNING IN OFFLINE/INSECURE MODE!
[17:04:50] [Server thread/WARN]: The server will make no attempt to authenticate usernames. Beware.
[17:04:50] [Server thread/WARN]: While this makes the game possible to play without internet access, it also opens up the ability for hackers to connect with any username they choose.
[17:04:50] [Server thread/WARN]: To change this, set "online-mode" to "true" in the server.properties file.
[17:04:50] [Server thread/INFO]: Preparing level "world"
[17:04:50] [Server thread/INFO]: -------- World Settings For [world] --------
[17:04:50] [Server thread/INFO]: Custom Map Seeds:  Village: 10387312 Desert: 14357617 Igloo: 14357618 Jungle: 14357619 Swamp: 14357620 Monument: 10387313 Ocean: 14357621 Shipwreck: 165745295 End City: 10387313 Slime: 987234911 Bastion: 30084232 Fortress: 30084232 Mansion: 10387319 Fossil: 14357921 Portal: 34222645
[17:04:50] [Server thread/INFO]: Entity Tracking Range: Pl 48 / An 48 / Mo 48 / Mi 32 / Other 64
[17:04:50] [Server thread/INFO]: Allow Zombie Pigmen to spawn from portal blocks: true
[17:04:50] [Server thread/INFO]: Item Merge Radius: 2.5
[17:04:50] [Server thread/INFO]: Item Despawn Rate: 6000
[17:04:50] [Server thread/INFO]: View Distance: 10
[17:04:50] [Server thread/INFO]: Zombie Aggressive Towards Villager: true
[17:04:50] [Server thread/INFO]: Arrow Despawn Rate: 1200 Trident Respawn Rate:1200
[17:04:50] [Server thread/INFO]: Nerfing mobs spawned from spawners: false
[17:04:50] [Server thread/INFO]: Entity Activation Range: An 32 / Mo 32 / Ra 48 / Mi 16 / Tiv true
[17:04:50] [Server thread/INFO]: Mob Spawn Range: 6
[17:04:50] [Server thread/INFO]: Cactus Growth Modifier: 100%
[17:04:50] [Server thread/INFO]: Cane Growth Modifier: 100%
[17:04:50] [Server thread/INFO]: Melon Growth Modifier: 100%
[17:04:50] [Server thread/INFO]: Mushroom Growth Modifier: 100%
[17:04:50] [Server thread/INFO]: Pumpkin Growth Modifier: 100%
[17:04:50] [Server thread/INFO]: Sapling Growth Modifier: 100%
[17:04:50] [Server thread/INFO]: Beetroot Growth Modifier: 100%
[17:04:50] [Server thread/INFO]: Carrot Growth Modifier: 100%
[17:04:50] [Server thread/INFO]: Potato Growth Modifier: 100%
[17:04:50] [Server thread/INFO]: Wheat Growth Modifier: 100%
[17:04:50] [Server thread/INFO]: NetherWart Growth Modifier: 100%
[17:04:50] [Server thread/INFO]: Vine Growth Modifier: 100%
[17:04:50] [Server thread/INFO]: Cocoa Growth Modifier: 100%
[17:04:50] [Server thread/INFO]: Bamboo Growth Modifier: 100%
[17:04:50] [Server thread/INFO]: SweetBerry Growth Modifier: 100%
[17:04:50] [Server thread/INFO]: Kelp Growth Modifier: 100%
[17:04:50] [Server thread/INFO]: Experience Merge Radius: 3.0
[17:04:50] [Server thread/INFO]: Hopper Transfer: 8 Hopper Check: 1 Hopper Amount: 1
[17:04:50] [Server thread/INFO]: Max TNT Explosions: 100
[17:04:50] [Server thread/INFO]: Tile Max Tick Time: 50ms Entity max Tick Time: 50ms
[17:04:51] [Server thread/INFO]: -------- World Settings For [world_nether] --------
[17:04:51] [Server thread/INFO]: Custom Map Seeds:  Village: 10387312 Desert: 14357617 Igloo: 14357618 Jungle: 14357619 Swamp: 14357620 Monument: 10387313 Ocean: 14357621 Shipwreck: 165745295 End City: 10387313 Slime: 987234911 Bastion: 30084232 Fortress: 30084232 Mansion: 10387319 Fossil: 14357921 Portal: 34222645
[17:04:51] [Server thread/INFO]: Entity Tracking Range: Pl 48 / An 48 / Mo 48 / Mi 32 / Other 64
[17:04:51] [Server thread/INFO]: Allow Zombie Pigmen to spawn from portal blocks: true
[17:04:51] [Server thread/INFO]: Item Merge Radius: 2.5
[17:04:51] [Server thread/INFO]: Item Despawn Rate: 6000
[17:04:51] [Server thread/INFO]: View Distance: 10
[17:04:51] [Server thread/INFO]: Zombie Aggressive Towards Villager: true
[17:04:51] [Server thread/INFO]: Arrow Despawn Rate: 1200 Trident Respawn Rate:1200
[17:04:51] [Server thread/INFO]: Nerfing mobs spawned from spawners: false
[17:04:51] [Server thread/INFO]: Entity Activation Range: An 32 / Mo 32 / Ra 48 / Mi 16 / Tiv true
[17:04:51] [Server thread/INFO]: Mob Spawn Range: 6
[17:04:51] [Server thread/INFO]: Cactus Growth Modifier: 100%
[17:04:51] [Server thread/INFO]: Cane Growth Modifier: 100%
[17:04:51] [Server thread/INFO]: Melon Growth Modifier: 100%
[17:04:51] [Server thread/INFO]: Mushroom Growth Modifier: 100%
[17:04:51] [Server thread/INFO]: Pumpkin Growth Modifier: 100%
[17:04:51] [Server thread/INFO]: Sapling Growth Modifier: 100%
[17:04:51] [Server thread/INFO]: Beetroot Growth Modifier: 100%
[17:04:51] [Server thread/INFO]: Carrot Growth Modifier: 100%
[17:04:51] [Server thread/INFO]: Potato Growth Modifier: 100%
[17:04:51] [Server thread/INFO]: Wheat Growth Modifier: 100%
[17:04:51] [Server thread/INFO]: NetherWart Growth Modifier: 100%
[17:04:51] [Server thread/INFO]: Vine Growth Modifier: 100%
[17:04:51] [Server thread/INFO]: Cocoa Growth Modifier: 100%
[17:04:51] [Server thread/INFO]: Bamboo Growth Modifier: 100%
[17:04:51] [Server thread/INFO]: SweetBerry Growth Modifier: 100%
[17:04:51] [Server thread/INFO]: Kelp Growth Modifier: 100%
[17:04:51] [Server thread/INFO]: Experience Merge Radius: 3.0
[17:04:51] [Server thread/INFO]: Hopper Transfer: 8 Hopper Check: 1 Hopper Amount: 1
[17:04:51] [Server thread/INFO]: Max TNT Explosions: 100
[17:04:51] [Server thread/INFO]: Tile Max Tick Time: 50ms Entity max Tick Time: 50ms
[17:04:51] [Server thread/INFO]: -------- World Settings For [world_the_end] --------
[17:04:51] [Server thread/INFO]: Custom Map Seeds:  Village: 10387312 Desert: 14357617 Igloo: 14357618 Jungle: 14357619 Swamp: 14357620 Monument: 10387313 Ocean: 14357621 Shipwreck: 165745295 End City: 10387313 Slime: 987234911 Bastion: 30084232 Fortress: 30084232 Mansion: 10387319 Fossil: 14357921 Portal: 34222645
[17:04:51] [Server thread/INFO]: Entity Tracking Range: Pl 48 / An 48 / Mo 48 / Mi 32 / Other 64
[17:04:51] [Server thread/INFO]: Allow Zombie Pigmen to spawn from portal blocks: true
[17:04:51] [Server thread/INFO]: Item Merge Radius: 2.5
[17:04:51] [Server thread/INFO]: Item Despawn Rate: 6000
[17:04:51] [Server thread/INFO]: View Distance: 10
[17:04:51] [Server thread/INFO]: Zombie Aggressive Towards Villager: true
[17:04:51] [Server thread/INFO]: Arrow Despawn Rate: 1200 Trident Respawn Rate:1200
[17:04:51] [Server thread/INFO]: Nerfing mobs spawned from spawners: false
[17:04:51] [Server thread/INFO]: Entity Activation Range: An 32 / Mo 32 / Ra 48 / Mi 16 / Tiv true
[17:04:51] [Server thread/INFO]: Mob Spawn Range: 6
[17:04:51] [Server thread/INFO]: Cactus Growth Modifier: 100%
[17:04:51] [Server thread/INFO]: Cane Growth Modifier: 100%
[17:04:51] [Server thread/INFO]: Melon Growth Modifier: 100%
[17:04:51] [Server thread/INFO]: Mushroom Growth Modifier: 100%
[17:04:51] [Server thread/INFO]: Pumpkin Growth Modifier: 100%
[17:04:51] [Server thread/INFO]: Sapling Growth Modifier: 100%
[17:04:51] [Server thread/INFO]: Beetroot Growth Modifier: 100%
[17:04:51] [Server thread/INFO]: Carrot Growth Modifier: 100%
[17:04:51] [Server thread/INFO]: Potato Growth Modifier: 100%
[17:04:51] [Server thread/INFO]: Wheat Growth Modifier: 100%
[17:04:51] [Server thread/INFO]: NetherWart Growth Modifier: 100%
[17:04:51] [Server thread/INFO]: Vine Growth Modifier: 100%
[17:04:51] [Server thread/INFO]: Cocoa Growth Modifier: 100%
[17:04:51] [Server thread/INFO]: Bamboo Growth Modifier: 100%
[17:04:51] [Server thread/INFO]: SweetBerry Growth Modifier: 100%
[17:04:51] [Server thread/INFO]: Kelp Growth Modifier: 100%
[17:04:51] [Server thread/INFO]: Experience Merge Radius: 3.0
[17:04:51] [Server thread/INFO]: Hopper Transfer: 8 Hopper Check: 1 Hopper Amount: 1
[17:04:51] [Server thread/INFO]: Max TNT Explosions: 100
[17:04:51] [Server thread/INFO]: Tile Max Tick Time: 50ms Entity max Tick Time: 50ms
[17:04:51] [Server thread/INFO]: Preparing start region for dimension minecraft:overworld
[17:04:54] [Server thread/INFO]: Preparing spawn area: 0%
[17:04:54] [Server thread/INFO]: Preparing spawn area: 0%
[17:04:54] [Server thread/INFO]: Preparing spawn area: 0%
[17:04:54] [Server thread/INFO]: Preparing spawn area: 0%
[17:04:54] [Server thread/INFO]: Preparing spawn area: 0%
[17:04:54] [Server thread/INFO]: Preparing spawn area: 0%
[17:04:54] [Server thread/INFO]: Preparing spawn area: 0%
[17:04:54] [Worker-Main-7/INFO]: Preparing spawn area: 0%
[17:04:55] [Server thread/INFO]: Preparing spawn area: 0%
[17:04:55] [Server thread/INFO]: Preparing spawn area: 17%
[17:04:56] [Server thread/INFO]: Preparing spawn area: 64%
[17:05:02] [Worker-Main-9/INFO]: Preparing spawn area: 83%
[17:05:02] [Worker-Main-8/INFO]: Preparing spawn area: 83%
[17:05:02] [Worker-Main-7/INFO]: Preparing spawn area: 83%
[17:05:02] [Worker-Main-7/INFO]: Preparing spawn area: 83%
[17:05:02] [Worker-Main-7/INFO]: Preparing spawn area: 83%
[17:05:02] [Worker-Main-7/INFO]: Preparing spawn area: 83%
[17:05:02] [Worker-Main-7/INFO]: Preparing spawn area: 83%
[17:05:02] [Worker-Main-7/INFO]: Preparing spawn area: 83%
[17:05:02] [Worker-Main-7/INFO]: Preparing spawn area: 83%
[17:05:02] [Worker-Main-7/INFO]: Preparing spawn area: 83%
[17:05:02] [Worker-Main-7/INFO]: Preparing spawn area: 83%
[17:05:02] [Worker-Main-7/INFO]: Preparing spawn area: 83%
[17:05:02] [Worker-Main-7/INFO]: Preparing spawn area: 83%
[17:05:03] [Worker-Main-9/INFO]: Preparing spawn area: 99%
[17:05:03] [Worker-Main-9/INFO]: Preparing spawn area: 99%
[17:05:04] [Worker-Main-9/INFO]: Preparing spawn area: 99%
[17:05:04] [Server thread/INFO]: Time elapsed: 13351 ms
[17:05:04] [Server thread/INFO]: Preparing start region for dimension minecraft:the_nether
[17:05:06] [Server thread/INFO]: Preparing spawn area: 0%
[17:05:06] [Server thread/INFO]: Preparing spawn area: 0%
[17:05:06] [Server thread/INFO]: Preparing spawn area: 0%
[17:05:06] [Server thread/INFO]: Preparing spawn area: 0%
[17:05:06] [Server thread/INFO]: Preparing spawn area: 0%
[17:05:07] [Worker-Main-7/INFO]: Preparing spawn area: 83%
[17:05:07] [Worker-Main-8/INFO]: Preparing spawn area: 83%
[17:05:08] [Worker-Main-7/INFO]: Preparing spawn area: 83%
[17:05:08] [Worker-Main-7/INFO]: Preparing spawn area: 83%
[17:05:09] [Worker-Main-8/INFO]: Preparing spawn area: 83%
[17:05:09] [Worker-Main-7/INFO]: Preparing spawn area: 83%
[17:05:10] [Worker-Main-8/INFO]: Preparing spawn area: 83%
[17:05:10] [Worker-Main-9/INFO]: Preparing spawn area: 83%
[17:05:11] [Server thread/INFO]: Preparing spawn area: 83%
[17:05:11] [Worker-Main-7/INFO]: Preparing spawn area: 84%
[17:05:12] [Worker-Main-9/INFO]: Preparing spawn area: 90%
[17:05:12] [Server thread/INFO]: Preparing spawn area: 95%
[17:05:12] [Server thread/INFO]: Time elapsed: 8223 ms
[17:05:12] [Server thread/INFO]: Preparing start region for dimension minecraft:the_end
[17:05:13] [Server thread/INFO]: Preparing spawn area: 0%
[17:05:13] [Server thread/INFO]: Preparing spawn area: 0%
[17:05:13] [Worker-Main-8/INFO]: Preparing spawn area: 83%
[17:05:14] [Worker-Main-8/INFO]: Preparing spawn area: 83%
[17:05:14] [Server thread/INFO]: Time elapsed: 1908 ms
[17:05:14] [Server thread/INFO]: [dynmap] Enabling dynmap v3.1-beta-2-389
[17:05:15] [Server thread/INFO]: [dynmap] Added 4 custom biome mappings
[17:05:15] [Server thread/INFO]: [dynmap] Using Bukkit Permissions (superperms) for access control
[17:05:15] [Server thread/INFO]: [dynmap] Web interface permissions only available for online users
[17:05:16] [Server thread/INFO]: [dynmap] Mod Support processing completed
[17:05:18] [Server thread/INFO]: [dynmap] Loaded 25 shaders.
[17:05:18] [Server thread/INFO]: [dynmap] Loaded 82 perspectives.
[17:05:18] [Server thread/INFO]: [dynmap] Loaded 22 lightings.
[17:05:19] [Server thread/INFO]: [dynmap] Starting enter/exit processing
[17:05:20] [Server thread/INFO]: [dynmap] Web server started on address 0.0.0.0:8123
[17:05:20] [Server thread/INFO]: [dynmap] version 3.1-beta-2-389 is enabled - core version 3.1-beta-2-389
[17:05:20] [Server thread/INFO]: [dynmap] For support, visit https://reddit.com/r/Dynmap or our Discord at https://discord.gg/s3rd5qn
[17:05:20] [Server thread/INFO]: [dynmap] To report or track bugs, visit https://github.com/webbukkit/dynmap/issues
[17:05:20] [Server thread/INFO]: [dynmap] If you'd like to donate, please visit https://www.patreon.com/dynmap or https://ko-fi.com/michaelprimm
[17:05:20] [Server thread/INFO]: [dynmap] Loaded 3 maps of world 'world'.
[17:05:20] [Server thread/INFO]: [dynmap] Loaded 2590 pending tile renders for world 'world'
[17:05:20] [Server thread/INFO]: [dynmap] Loaded 2 maps of world 'world_nether'.
[17:05:20] [Server thread/INFO]: [dynmap] Loaded 2 maps of world 'world_the_end'.
[17:05:21] [Server thread/INFO]: [dynmap] Enabled
[17:05:21] [Server thread/INFO]: [AntiXRay] Enabling AntiXRay v1.9.0
[17:05:22] [Dynmap Render Thread/INFO]: [dynmap] Finish marker initialization
[17:05:22] [Server thread/INFO]: [WitherAC] Enabling WitherAC v0.21.2
[17:05:22] [Server thread/INFO]: [Essentials] Enabling Essentials v2.18.0.8
[17:05:23] [Server thread/INFO]: Attempting to convert old kits in config.yml to new kits.yml
[17:05:23] [Server thread/INFO]: No kits found to migrate.
[17:05:23] [Server thread/INFO]: Loaded 25515 items from items.json.
[17:05:23] [Server thread/INFO]: Using locale tr_TR
[17:05:24] [Server thread/INFO]: [Essentials] ServerListPingEvent: Spigot iterator API
[17:05:24] [Server thread/INFO]: [Essentials] Starting Metrics. Opt-out using the global bStats config.
[17:05:24] [Server thread/INFO]: [Essentials] Using superperms-based permissions.
[17:05:24] [Server thread/INFO]: [EssentialsProtect] Enabling EssentialsProtect v2.18.0.8
[17:05:24] [Server thread/INFO]: [EssentialsProtect] Continuing to enable Protect.
[17:05:24] [Server thread/INFO]: [EssentialsProtect] Starting Metrics. Opt-out using the global bStats config.
[17:05:24] [Server thread/INFO]: [EssentialsSpawn] Enabling EssentialsSpawn v2.18.0.8
[17:05:24] [Server thread/INFO]: [EssentialsSpawn] Starting Metrics. Opt-out using the global bStats config.
[17:05:24] [Server thread/INFO]: [GriefPrevention] Enabling GriefPrevention v16.14.0
[17:05:24] [Server thread/INFO]: [GriefPrevention] Finished loading configuration.
[17:05:24] [Server thread/INFO]: [GriefPrevention] 1 total claims loaded.
[17:05:25] [Server thread/INFO]: [GriefPrevention] Customizable messages loaded.
[17:05:25] [Server thread/INFO]: [GriefPrevention] Finished loading data (File Mode).
[17:05:26] [Server thread/INFO]: [GriefPrevention] Boot finished.
[17:05:26] [Server thread/INFO]: [LoginSecurity] Enabling LoginSecurity v3.0.2
[17:05:26] [Server thread/INFO]: [LoginSecurity] Loading base translations from "en_us"
[17:05:26] [Server thread/INFO]: [LoginSecurity] Loading specified translations from "en_us"
[17:05:26] [Server thread/INFO]: [LoginSecurity] Registering commands...
[17:05:26] [Server thread/INFO]: [LoginSecurity] Registering listeners...
[17:05:26] [Server thread/INFO]: [LoginSecurity] Using 1.12+ map captcha renderer
[17:05:26] [Server thread/INFO]: [EssentialsChat] Enabling EssentialsChat v2.18.0.8
[17:05:26] [Server thread/INFO]: [EssentialsChat] Starting Metrics. Opt-out using the global bStats config.
[17:05:26] [Server thread/INFO]: [EssentialsAntiBuild] Enabling EssentialsAntiBuild v2.18.0.8
[17:05:26] [Server thread/INFO]: [EssentialsAntiBuild] Starting Metrics. Opt-out using the global bStats config.
[17:05:26] [Server thread/INFO]: Server permissions file permissions.yml is empty, ignoring it
[17:05:28] [Server thread/INFO]: Done (37.515s)! For help, type "help"
[17:05:29] [Dynmap Render Thread/INFO]: [dynmap] Loading default resource pack
[17:05:42] [Server thread/INFO]: Stopping the server
[17:05:42] [Server thread/INFO]: Stopping server
[17:05:42] [Server thread/INFO]: [EssentialsAntiBuild] Disabling EssentialsAntiBuild v2.18.0.8
[17:05:42] [Server thread/INFO]: [EssentialsChat] Disabling EssentialsChat v2.18.0.8
[17:05:42] [Server thread/INFO]: [LoginSecurity] Disabling LoginSecurity v3.0.2
[17:05:42] [Server thread/INFO]: [LoginSecurity] Waiting for queued tasks...
[17:05:42] [Server thread/INFO]: [LoginSecurity] ExecutorService shut down, ready to disable.
[17:05:42] [Server thread/INFO]: [GriefPrevention] Disabling GriefPrevention v16.14.0
[17:05:42] [Server thread/INFO]: [GriefPrevention] GriefPrevention disabled.
[17:05:42] [Server thread/INFO]: [EssentialsSpawn] Disabling EssentialsSpawn v2.18.0.8
[17:05:42] [Server thread/INFO]: [EssentialsProtect] Disabling EssentialsProtect v2.18.0.8
[17:05:42] [Server thread/INFO]: [Essentials] Disabling Essentials v2.18.0.8
[17:05:42] [Server thread/INFO]: [WitherAC] Disabling WitherAC v0.21.2
[17:05:42] [Server thread/INFO]: [AntiXRay] Disabling AntiXRay v1.9.0
[17:05:42] [Server thread/INFO]: [dynmap] Disabling dynmap v3.1-beta-2-389
[17:05:42] [Server thread/INFO]: [dynmap] Unloaded 11 components.
[17:05:42] [Server thread/INFO]: [dynmap] Stopping map renderer...
[17:05:42] [Server thread/INFO]: [dynmap] Saved 2562 pending tile renders in world 'world'
[17:05:43] [Server thread/INFO]: [dynmap] Disabled
[17:05:43] [Server thread/INFO]: Saving players
[17:05:43] [Server thread/INFO]: Saving worlds
[17:05:43] [Server thread/INFO]: Saving chunks for level 'ServerLevel[world]'/minecraft:overworld
[17:05:45] [Server thread/INFO]: ThreadedAnvilChunkStorage (world): All chunks are saved
[17:05:45] [Server thread/INFO]: Saving chunks for level 'ServerLevel[world_nether]'/minecraft:the_nether
[17:05:47] [Server thread/INFO]: ThreadedAnvilChunkStorage (DIM-1): All chunks are saved
[17:05:47] [Server thread/INFO]: Saving chunks for level 'ServerLevel[world_the_end]'/minecraft:the_end
[17:05:48] [Server thread/INFO]: ThreadedAnvilChunkStorage (DIM1): All chunks are saved
[17:05:48] [Server thread/INFO]: ThreadedAnvilChunkStorage (world): All chunks are saved
[17:05:48] [Server thread/INFO]: ThreadedAnvilChunkStorage (DIM-1): All chunks are saved
[17:05:48] [Server thread/INFO]: ThreadedAnvilChunkStorage (DIM1): All chunks are saved
